<?xml version="1.0" encoding="UTF-8"?>
<!-- Generated by org.testng.reporters.JUnitReportReporter -->
<testsuite skipped="0" hostname="DESKTOP-HTIUN3R" name="Jenkins.Jenkins" tests="1" failures="0" timestamp="26 Oca 2019 20:31:46 GMT" time="12.371" errors="0">
  <testcase name="TS0002" time="12.371" classname="Jenkins.Jenkins"/>
</testsuite> <!-- Jenkins.Jenkins -->
