<?xml version="1.0" encoding="UTF-8"?>
<!-- Generated by org.testng.reporters.JUnitReportReporter -->
<testsuite skipped="0" hostname="DESKTOP-HTIUN3R" name="Jenkins.Jenkins" tests="1" failures="0" timestamp="27 Oca 2019 13:44:06 GMT" time="11.884" errors="0">
  <testcase name="TS0002" time="11.884" classname="Jenkins.Jenkins"/>
</testsuite> <!-- Jenkins.Jenkins -->
